[2023-03-07 19:14:03] [ERROR] Criteria Not Met
[2023-03-07 20:49:03] [ERROR] Criteria Not Met
[2023-03-08 22:30:04] [ERROR] Criteria Not Met
[2023-03-08 22:53:13] [ERROR] Criteria Not Met
[2023-03-08 23:47:06] [ERROR] Criteria Not Met
[2023-03-09 00:10:05] [ERROR] Criteria Not Met
[2023-03-09 07:30:06] [ERROR] ERROR PLACING TRADE dexscreener.data.pairs.foreach is not a function
[2023-03-09 07:30:54] [ERROR] ERROR PLACING TRADE plist.foreach is not a function
[2023-03-09 07:31:31] [ERROR] ERROR PLACING TRADE plist.foreach is not a function
[2023-03-09 07:32:14] [ERROR] ERROR PLACING TRADE plist.foreach is not a function
[2023-03-09 07:33:47] [ERROR] TypeError: Cannot read properties of null (reading '0')
[2023-03-09 07:33:51] [ERROR] TypeError: Cannot read properties of null (reading '0')
[2023-03-09 07:33:56] [ERROR] TypeError: Cannot read properties of null (reading '0')
[2023-03-09 07:34:01] [ERROR] TypeError: Cannot read properties of null (reading '0')
[2023-03-09 07:34:06] [ERROR] TypeError: Cannot read properties of null (reading '0')
[2023-03-09 07:34:11] [ERROR] TypeError: Cannot read properties of null (reading '0')
[2023-03-09 07:34:16] [ERROR] TypeError: Cannot read properties of null (reading '0')
[2023-03-09 07:34:21] [ERROR] TypeError: Cannot read properties of null (reading '0')
[2023-03-09 07:34:26] [ERROR] TypeError: Cannot read properties of null (reading '0')
[2023-03-09 07:34:31] [ERROR] TypeError: Cannot read properties of null (reading '0')
[2023-03-09 11:21:05] [ERROR] Criteria Not Met
[2023-03-09 12:24:03] [ERROR] Criteria Not Met
[2023-03-09 12:57:05] [ERROR] Criteria Not Met
[2023-03-09 13:00:04] [ERROR] Criteria Not Met
[2023-03-09 13:43:04] [ERROR] Criteria Not Met
[2023-03-09 15:10:03] [ERROR] Criteria Not Met
[2023-03-09 18:10:04] [ERROR] Criteria Not Met
[2023-03-09 19:14:04] [ERROR] Criteria Not Met
[2023-03-09 21:37:03] [ERROR] Criteria Not Met
[2023-03-09 21:44:04] [ERROR] Criteria Not Met
[2023-03-10 00:18:05] [ERROR] Criteria Not Met
[2023-03-10 00:45:04] [ERROR] Criteria Not Met
[2023-03-10 00:47:14] [ERROR] Criteria Not Met
[2023-03-10 00:48:03] [ERROR] Criteria Not Met
[2023-03-10 01:08:03] [ERROR] Criteria Not Met
[2023-03-10 01:52:06] [ERROR] Criteria Not Met
[2023-03-10 02:19:13] [ERROR] Criteria Not Met
[2023-03-10 03:38:04] [ERROR] Criteria Not Met
[2023-03-10 15:19:03] [ERROR] Criteria Not Met
[2023-03-10 19:40:09] [ERROR] Criteria Not Met
[2023-03-10 20:17:04] [ERROR] Criteria Not Met
[2023-03-10 20:34:04] [ERROR] Criteria Not Met
[2023-03-10 22:53:04] [ERROR] Criteria Not Met
[2023-03-10 23:58:03] [ERROR] Criteria Not Met
[2023-03-11 00:21:05] [ERROR] Token Not Verified so Skipped
[2023-03-11 01:24:04] [ERROR] Criteria Not Met
[2023-03-11 05:35:06] [ERROR] Criteria Not Met
[2023-03-11 05:44:04] [ERROR] Criteria Not Met
[2023-03-11 14:44:04] [ERROR] Criteria Not Met
[2023-03-13 06:17:05] [ERROR] ERROR PLACING TRADE Cannot read properties of undefined (reading 'utils')
[2023-03-13 08:53:06] [ERROR] ERROR PLACING TRADE Cannot read properties of undefined (reading 'utils')
[2023-03-13 09:55:05] [ERROR] ERROR PLACING TRADE Cannot read properties of undefined (reading 'utils')
[2023-03-13 10:51:06] [ERROR] ERROR PLACING TRADE Cannot read properties of undefined (reading 'utils')
[2023-03-13 11:29:05] [ERROR] ERROR PLACING TRADE Cannot read properties of undefined (reading 'utils')
[2023-03-13 11:51:04] [ERROR] Criteria Not Met
[2023-03-13 13:05:05] [ERROR] ERROR PLACING TRADE Cannot read properties of undefined (reading 'utils')
[2023-03-13 14:52:05] [ERROR] ERROR PLACING TRADE Cannot read properties of undefined (reading 'utils')
[2023-03-13 14:54:04] [ERROR] ERROR PLACING TRADE Cannot read properties of undefined (reading 'utils')
[2023-03-13 14:56:04] [ERROR] ERROR PLACING TRADE Cannot read properties of undefined (reading 'utils')
[2023-03-13 15:02:04] [ERROR] Criteria Not Met
[2023-03-13 15:05:05] [ERROR] ERROR PLACING TRADE Cannot read properties of undefined (reading 'utils')
[2023-03-13 15:05:07] [ERROR] ERROR PLACING TRADE Cannot read properties of undefined (reading 'utils')
[2023-03-13 15:11:05] [ERROR] Token Not Verified so Skipped
[2023-03-13 16:06:05] [ERROR] ERROR PLACING TRADE Cannot read properties of undefined (reading 'utils')
[2023-03-13 16:50:04] [ERROR] Criteria Not Met
[2023-03-13 18:27:06] [ERROR] ERROR PLACING TRADE Cannot read properties of undefined (reading 'utils')
[2023-03-13 18:38:05] [ERROR] ERROR PLACING TRADE Cannot read properties of undefined (reading 'utils')
[2023-03-13 18:48:03] [ERROR] Criteria Not Met
[2023-03-13 19:08:04] [ERROR] ERROR PLACING TRADE Cannot read properties of undefined (reading 'utils')
[2023-03-13 19:31:04] [ERROR] Criteria Not Met
[2023-03-13 20:12:06] [ERROR] ERROR PLACING TRADE Cannot read properties of undefined (reading 'utils')
[2023-03-13 20:16:04] [ERROR] ERROR PLACING TRADE Cannot read properties of undefined (reading 'utils')
[2023-03-13 20:55:04] [ERROR] Criteria Not Met
[2023-03-13 21:32:07] [ERROR] ERROR PLACING TRADE Cannot read properties of undefined (reading 'utils')
[2023-03-13 21:44:06] [ERROR] ERROR PLACING TRADE Cannot read properties of undefined (reading 'utils')
[2023-03-13 23:43:03] [ERROR] Criteria Not Met
[2023-03-14 15:11:05] [ERROR] Criteria Not Met
[2023-03-14 15:11:06] [ERROR]  Dex API Error no pair found on dexscreener API Call
[2023-03-26 10:54:03] [ERROR] Criteria Not Met
